Testsuite: greenbill.dbstuff.DbCreateTests
Tests run: 2, Failures: 0, Errors: 2, Time elapsed: 0.574 sec
------------- Standard Output ---------------
--Output from testDrop--
--Output from testCreate--
------------- ---------------- ---------------
------------- Standard Error -----------------
--Output from testDrop--
--Output from testCreate--
------------- ---------------- ---------------

Testcase: testDrop took 0.373 sec
	Caused an ERROR
Class Not Found: JDBC driver [:] could not be loaded
: Class Not Found: JDBC driver [:] could not be loaded
	at greenbill.dbstuff.DbCreate.dropMsSql(DbCreate.groovy:69)
	at greenbill.dbstuff.DbCreate$dropMsSql.call(Unknown Source)
	at greenbill.dbstuff.DbCreateTests.testDrop(DbCreateTests.groovy:25)
	at _GrailsTest_groovy$_run_closure4.doCall(_GrailsTest_groovy:202)
	at _GrailsTest_groovy$_run_closure2.doCall(_GrailsTest_groovy:146)
	at _GrailsTest_groovy$_run_closure1_closure19.doCall(_GrailsTest_groovy:112)
	at _GrailsTest_groovy$_run_closure1.doCall(_GrailsTest_groovy:95)
	at TestApp$_run_closure1.doCall(TestApp.groovy:66)
	at gant.Gant$_dispatch_closure4.doCall(Gant.groovy:324)
	at gant.Gant$_dispatch_closure6.doCall(Gant.groovy:334)
	at gant.Gant$_dispatch_closure6.doCall(Gant.groovy)
	at gant.Gant.withBuildListeners(Gant.groovy:344)
	at gant.Gant.this$2$withBuildListeners(Gant.groovy)
	at gant.Gant$this$2$withBuildListeners.callCurrent(Unknown Source)
	at gant.Gant.dispatch(Gant.groovy:334)
	at gant.Gant.this$2$dispatch(Gant.groovy)
	at gant.Gant.invokeMethod(Gant.groovy)
	at gant.Gant.processTargets(Gant.groovy:495)
	at gant.Gant.processTargets(Gant.groovy:480)
Caused by: java.lang.ClassNotFoundException: [:]
	at java.lang.Class.forName0(Native Method)
	at java.lang.Class.forName(Class.java:164)
--- Nested Exception ---
java.lang.ClassNotFoundException: [:]
	at java.lang.Class.forName0(Native Method)
	at java.lang.Class.forName(Class.java:164)
	at greenbill.dbstuff.DbCreate.dropMsSql(DbCreate.groovy:69)
	at greenbill.dbstuff.DbCreate$dropMsSql.call(Unknown Source)
	at greenbill.dbstuff.DbCreateTests.testDrop(DbCreateTests.groovy:25)
	at _GrailsTest_groovy$_run_closure4.doCall(_GrailsTest_groovy:202)
	at _GrailsTest_groovy$_run_closure2.doCall(_GrailsTest_groovy:146)
	at _GrailsTest_groovy$_run_closure1_closure19.doCall(_GrailsTest_groovy:112)
	at _GrailsTest_groovy$_run_closure1.doCall(_GrailsTest_groovy:95)
	at TestApp$_run_closure1.doCall(TestApp.groovy:66)
	at gant.Gant$_dispatch_closure4.doCall(Gant.groovy:324)
	at gant.Gant$_dispatch_closure6.doCall(Gant.groovy:334)
	at gant.Gant$_dispatch_closure6.doCall(Gant.groovy)
	at gant.Gant.withBuildListeners(Gant.groovy:344)
	at gant.Gant.this$2$withBuildListeners(Gant.groovy)
	at gant.Gant$this$2$withBuildListeners.callCurrent(Unknown Source)
	at gant.Gant.dispatch(Gant.groovy:334)
	at gant.Gant.this$2$dispatch(Gant.groovy)
	at gant.Gant.invokeMethod(Gant.groovy)
	at gant.Gant.processTargets(Gant.groovy:495)
	at gant.Gant.processTargets(Gant.groovy:480)

Testcase: testCreate took 0.152 sec
	Caused an ERROR
Class Not Found: JDBC driver [:] could not be loaded
: Class Not Found: JDBC driver [:] could not be loaded
	at greenbill.dbstuff.DbCreate.createMsSql(DbCreate.groovy:102)
	at greenbill.dbstuff.DbCreate$createMsSql.call(Unknown Source)
	at greenbill.dbstuff.DbCreateTests.testCreate(DbCreateTests.groovy:32)
	at _GrailsTest_groovy$_run_closure4.doCall(_GrailsTest_groovy:202)
	at _GrailsTest_groovy$_run_closure2.doCall(_GrailsTest_groovy:146)
	at _GrailsTest_groovy$_run_closure1_closure19.doCall(_GrailsTest_groovy:112)
	at _GrailsTest_groovy$_run_closure1.doCall(_GrailsTest_groovy:95)
	at TestApp$_run_closure1.doCall(TestApp.groovy:66)
	at gant.Gant$_dispatch_closure4.doCall(Gant.groovy:324)
	at gant.Gant$_dispatch_closure6.doCall(Gant.groovy:334)
	at gant.Gant$_dispatch_closure6.doCall(Gant.groovy)
	at gant.Gant.withBuildListeners(Gant.groovy:344)
	at gant.Gant.this$2$withBuildListeners(Gant.groovy)
	at gant.Gant$this$2$withBuildListeners.callCurrent(Unknown Source)
	at gant.Gant.dispatch(Gant.groovy:334)
	at gant.Gant.this$2$dispatch(Gant.groovy)
	at gant.Gant.invokeMethod(Gant.groovy)
	at gant.Gant.processTargets(Gant.groovy:495)
	at gant.Gant.processTargets(Gant.groovy:480)
Caused by: java.lang.ClassNotFoundException: [:]
	at java.lang.Class.forName0(Native Method)
	at java.lang.Class.forName(Class.java:164)
--- Nested Exception ---
java.lang.ClassNotFoundException: [:]
	at java.lang.Class.forName0(Native Method)
	at java.lang.Class.forName(Class.java:164)
	at greenbill.dbstuff.DbCreate.createMsSql(DbCreate.groovy:102)
	at greenbill.dbstuff.DbCreate$createMsSql.call(Unknown Source)
	at greenbill.dbstuff.DbCreateTests.testCreate(DbCreateTests.groovy:32)
	at _GrailsTest_groovy$_run_closure4.doCall(_GrailsTest_groovy:202)
	at _GrailsTest_groovy$_run_closure2.doCall(_GrailsTest_groovy:146)
	at _GrailsTest_groovy$_run_closure1_closure19.doCall(_GrailsTest_groovy:112)
	at _GrailsTest_groovy$_run_closure1.doCall(_GrailsTest_groovy:95)
	at TestApp$_run_closure1.doCall(TestApp.groovy:66)
	at gant.Gant$_dispatch_closure4.doCall(Gant.groovy:324)
	at gant.Gant$_dispatch_closure6.doCall(Gant.groovy:334)
	at gant.Gant$_dispatch_closure6.doCall(Gant.groovy)
	at gant.Gant.withBuildListeners(Gant.groovy:344)
	at gant.Gant.this$2$withBuildListeners(Gant.groovy)
	at gant.Gant$this$2$withBuildListeners.callCurrent(Unknown Source)
	at gant.Gant.dispatch(Gant.groovy:334)
	at gant.Gant.this$2$dispatch(Gant.groovy)
	at gant.Gant.invokeMethod(Gant.groovy)
	at gant.Gant.processTargets(Gant.groovy:495)
	at gant.Gant.processTargets(Gant.groovy:480)

